SF:lib/home/model/carousel.model.dart
DA:3,0
DA:4,0
DA:6,0
DA:9,2
DA:15,0
DA:16,0
DA:19,0
DA:20,0
DA:25,0
DA:41,0
DA:42,0
DA:43,0
DA:44,0
DA:45,0
DA:46,0
DA:47,0
DA:50,0
DA:51,0
DA:52,0
DA:53,0
DA:54,0
DA:55,0
DA:56,0
LF:23
LH:1
end_of_record
SF:lib/home/repository/home_repo.dart
DA:10,0
DA:11,0
DA:13,0
DA:14,0
LF:4
LH:0
end_of_record
SF:lib/home/view_models/home.viewmodel.dart
DA:9,1
DA:15,2
DA:17,1
DA:18,1
DA:19,1
DA:22,1
DA:24,1
DA:26,4
DA:28,0
DA:31,1
DA:32,1
LF:11
LH:10
end_of_record
SF:lib/shared/view_models/loading.viewmodel.dart
DA:6,0
DA:8,2
DA:9,2
DA:10,2
LF:4
LH:3
end_of_record
SF:lib/fringilla/model/fringilla.model.dart
DA:3,0
DA:4,0
DA:6,0
DA:9,2
DA:15,0
DA:16,0
DA:19,0
DA:20,0
DA:25,0
DA:37,0
DA:38,0
DA:39,0
DA:40,0
DA:41,0
DA:44,0
DA:45,0
DA:46,0
DA:47,0
DA:48,0
LF:19
LH:1
end_of_record
SF:lib/fringilla/repository/fringilla_repo.dart
DA:10,0
DA:11,0
DA:13,0
DA:14,0
LF:4
LH:0
end_of_record
SF:lib/fringilla/view_models/fringilla.viewmodel.dart
DA:9,1
DA:15,2
DA:17,1
DA:19,1
DA:21,4
DA:23,0
DA:26,1
DA:29,1
DA:30,1
DA:31,1
LF:10
LH:9
end_of_record
